TN:
SF:/Users/jeibogot/Documents/NodeTest/Pr0d1g10u5/ship-lab-mak-update/src/polyfills.ts
FNF:0
FNH:0
LF:0
LH:0
BRF:0
BRH:0
end_of_record
TN:
SF:/Users/jeibogot/Documents/NodeTest/Pr0d1g10u5/ship-lab-mak-update/src/test.ts
FNF:0
FNH:0
DA:13,1
DA:18,1
DA:20,1
LF:3
LH:3
BRF:0
BRH:0
end_of_record
TN:
SF:/Users/jeibogot/Documents/NodeTest/Pr0d1g10u5/ship-lab-mak-update/src/app/app.component.ts
FN:8,(anonymous_0)
FNF:1
FNH:1
FNDA:2,(anonymous_0)
DA:8,1
DA:9,2
LF:2
LH:2
BRF:0
BRH:0
end_of_record
TN:
SF:/Users/jeibogot/Documents/NodeTest/Pr0d1g10u5/ship-lab-mak-update/src/guards/auth.guard.ts
FN:12,(anonymous_0)
FN:17,(anonymous_1)
FN:27,(anonymous_2)
FN:32,(anonymous_3)
FN:39,(anonymous_4)
FNF:5
FNH:1
FNDA:1,(anonymous_0)
FNDA:0,(anonymous_1)
FNDA:0,(anonymous_2)
FNDA:0,(anonymous_3)
FNDA:0,(anonymous_4)
DA:10,1
DA:13,1
DA:14,1
DA:20,0
DA:21,0
DA:23,0
DA:24,0
DA:30,0
DA:37,0
DA:42,0
LF:10
LH:3
BRDA:20,0,0,0
BRDA:20,0,1,0
BRF:2
BRH:0
end_of_record
TN:
SF:/Users/jeibogot/Documents/NodeTest/Pr0d1g10u5/ship-lab-mak-update/src/interfaces/i.shipping-label-steps.ts
FN:25,(anonymous_0)
FNF:1
FNH:1
FNDA:1,(anonymous_0)
DA:25,1
DA:26,1
DA:27,1
DA:28,1
LF:4
LH:4
BRDA:25,0,0,1
BRDA:25,0,1,1
BRF:2
BRH:2
end_of_record
TN:
SF:/Users/jeibogot/Documents/NodeTest/Pr0d1g10u5/ship-lab-mak-update/src/models/products-mocks.model.ts
FN:22,GET_PRODUCTS_MOCKS
FNF:1
FNH:1
FNDA:1,GET_PRODUCTS_MOCKS
DA:3,1
DA:24,1
LF:2
LH:2
BRF:0
BRH:0
end_of_record
TN:
SF:/Users/jeibogot/Documents/NodeTest/Pr0d1g10u5/ship-lab-mak-update/src/models/request.model.ts
FN:1,(anonymous_0)
FN:11,(anonymous_1)
FN:20,URLSERVICE
FNF:3
FNH:3
FNDA:1,(anonymous_0)
FNDA:1,(anonymous_1)
FNDA:1,URLSERVICE
DA:1,1
DA:2,1
DA:3,1
DA:4,1
DA:5,1
DA:11,1
DA:12,1
DA:22,1
DA:24,1
DA:26,1
DA:27,1
DA:30,0
DA:31,0
LF:13
LH:11
BRDA:1,0,0,1
BRDA:1,0,1,1
BRDA:11,1,0,1
BRDA:11,1,1,1
BRDA:25,2,0,1
BRDA:25,2,1,0
BRF:6
BRH:5
end_of_record
TN:
SF:/Users/jeibogot/Documents/NodeTest/Pr0d1g10u5/ship-lab-mak-update/src/models/shipping-options.model.ts
FN:14,GET_LIST_ITEMS_NLP
FNF:1
FNH:1
FNDA:1,GET_LIST_ITEMS_NLP
DA:3,1
DA:16,1
LF:2
LH:2
BRF:0
BRH:0
end_of_record
TN:
SF:/Users/jeibogot/Documents/NodeTest/Pr0d1g10u5/ship-lab-mak-update/src/models/user-mocks.model.ts
FN:22,GET_USERS_MOCKS
FNF:1
FNH:1
FNDA:2,GET_USERS_MOCKS
DA:3,1
DA:24,2
LF:2
LH:2
BRF:0
BRH:0
end_of_record
TN:
SF:/Users/jeibogot/Documents/NodeTest/Pr0d1g10u5/ship-lab-mak-update/src/modules/features/login/login.component.ts
FN:18,(anonymous_0)
FN:32,(anonymous_1)
FN:35,(anonymous_2)
FN:38,(anonymous_3)
FNF:4
FNH:2
FNDA:1,(anonymous_0)
FNDA:1,(anonymous_1)
FNDA:0,(anonymous_2)
FNDA:0,(anonymous_3)
DA:12,1
DA:19,1
DA:20,1
DA:21,1
DA:23,1
DA:24,1
DA:26,1
DA:36,0
DA:37,0
DA:38,0
DA:39,0
DA:40,0
DA:41,0
DA:42,0
DA:43,0
DA:45,0
DA:46,0
LF:17
LH:7
BRDA:36,0,0,0
BRDA:36,0,1,0
BRDA:39,1,0,0
BRDA:39,1,1,0
BRF:4
BRH:0
end_of_record
TN:
SF:/Users/jeibogot/Documents/NodeTest/Pr0d1g10u5/ship-lab-mak-update/src/modules/features/product/product-definition/product-definition.component.ts
FN:16,(anonymous_0)
FN:23,(anonymous_1)
FN:31,(anonymous_2)
FN:33,(anonymous_3)
FN:39,(anonymous_4)
FN:42,(anonymous_5)
FN:45,(anonymous_6)
FN:50,(anonymous_7)
FN:52,(anonymous_8)
FN:58,(anonymous_9)
FNF:10
FNH:5
FNDA:1,(anonymous_0)
FNDA:1,(anonymous_1)
FNDA:1,(anonymous_2)
FNDA:0,(anonymous_3)
FNDA:1,(anonymous_4)
FNDA:0,(anonymous_5)
FNDA:0,(anonymous_6)
FNDA:1,(anonymous_7)
FNDA:0,(anonymous_8)
FNDA:0,(anonymous_9)
DA:12,1
DA:17,1
DA:18,1
DA:20,1
DA:24,1
DA:26,1
DA:27,1
DA:28,1
DA:32,1
DA:34,0
DA:35,0
DA:40,1
DA:43,0
DA:44,0
DA:46,0
DA:51,1
DA:53,0
DA:54,0
DA:55,0
DA:56,0
DA:59,0
LF:21
LH:11
BRDA:55,0,0,0
BRDA:55,0,1,0
BRDA:55,1,0,0
BRDA:55,1,1,0
BRF:4
BRH:0
end_of_record
TN:
SF:/Users/jeibogot/Documents/NodeTest/Pr0d1g10u5/ship-lab-mak-update/src/modules/features/product/product-resume/product-resume.component.ts
FN:20,(anonymous_0)
FN:24,(anonymous_1)
FNF:2
FNH:2
FNDA:1,(anonymous_0)
FNDA:1,(anonymous_1)
DA:10,1
DA:12,1
DA:17,1
DA:18,1
DA:25,1
LF:5
LH:5
BRF:0
BRH:0
end_of_record
TN:
SF:/Users/jeibogot/Documents/NodeTest/Pr0d1g10u5/ship-lab-mak-update/src/modules/features/shipping/shipping-label/shipping-label.component.ts
FN:14,(anonymous_0)
FN:16,(anonymous_1)
FNF:2
FNH:2
FNDA:1,(anonymous_0)
FNDA:1,(anonymous_1)
DA:8,1
DA:10,1
DA:17,1
LF:3
LH:3
BRF:0
BRH:0
end_of_record
TN:
SF:/Users/jeibogot/Documents/NodeTest/Pr0d1g10u5/ship-lab-mak-update/src/modules/features/shipping/shipping-label-maker/shipping-label-maker.component.ts
FN:28,(anonymous_0)
FN:37,(anonymous_1)
FN:41,(anonymous_2)
FN:45,(anonymous_3)
FN:49,(anonymous_4)
FN:65,(anonymous_5)
FN:69,(anonymous_6)
FN:73,(anonymous_7)
FN:105,(anonymous_8)
FNF:9
FNH:3
FNDA:2,(anonymous_0)
FNDA:2,(anonymous_1)
FNDA:0,(anonymous_2)
FNDA:0,(anonymous_3)
FNDA:1,(anonymous_4)
FNDA:0,(anonymous_5)
FNDA:0,(anonymous_6)
FNDA:0,(anonymous_7)
FNDA:0,(anonymous_8)
DA:16,1
DA:18,1
DA:19,1
DA:20,1
DA:21,1
DA:29,2
DA:30,2
DA:31,2
DA:33,2
DA:34,2
DA:38,2
DA:42,0
DA:46,0
DA:50,1
DA:52,0
DA:53,0
DA:55,0
DA:56,0
DA:58,0
DA:59,0
DA:61,1
DA:66,0
DA:70,0
DA:74,0
DA:76,0
DA:77,0
DA:79,0
DA:82,0
DA:83,0
DA:85,0
DA:88,0
DA:89,0
DA:91,0
DA:94,0
DA:95,0
DA:97,0
DA:98,0
DA:100,0
DA:106,0
DA:107,0
DA:108,0
DA:110,0
LF:42
LH:13
BRDA:51,0,0,0
BRDA:51,0,1,0
BRDA:51,0,2,0
BRDA:51,0,3,1
BRDA:70,1,0,0
BRDA:70,1,1,0
BRDA:75,2,0,0
BRDA:75,2,1,0
BRDA:75,2,2,0
BRDA:75,2,3,0
BRDA:75,2,4,0
BRDA:76,3,0,0
BRDA:76,3,1,0
BRDA:82,4,0,0
BRDA:82,4,1,0
BRDA:88,5,0,0
BRDA:88,5,1,0
BRDA:94,6,0,0
BRDA:94,6,1,0
BRDA:106,7,0,0
BRDA:106,7,1,0
BRDA:107,8,0,0
BRDA:107,8,1,0
BRF:23
BRH:1
end_of_record
TN:
SF:/Users/jeibogot/Documents/NodeTest/Pr0d1g10u5/ship-lab-mak-update/src/modules/features/shipping/shipping-option/shipping-option.component.ts
FN:16,(anonymous_0)
FN:21,(anonymous_1)
FN:24,(anonymous_2)
FN:28,(anonymous_3)
FNF:4
FNH:2
FNDA:1,(anonymous_0)
FNDA:1,(anonymous_1)
FNDA:0,(anonymous_2)
FNDA:0,(anonymous_3)
DA:10,1
DA:12,1
DA:13,1
DA:17,1
DA:18,1
DA:25,0
DA:29,0
DA:30,0
DA:32,0
DA:34,0
LF:10
LH:5
BRDA:29,0,0,0
BRDA:29,0,1,0
BRF:2
BRH:0
end_of_record
TN:
SF:/Users/jeibogot/Documents/NodeTest/Pr0d1g10u5/ship-lab-mak-update/src/modules/features/shipping/shipping-receiver-address/shipping-receiver-address.component.ts
FN:14,(anonymous_0)
FN:25,(anonymous_1)
FN:28,(anonymous_2)
FNF:3
FNH:2
FNDA:1,(anonymous_0)
FNDA:1,(anonymous_1)
FNDA:0,(anonymous_2)
DA:9,1
DA:15,1
DA:16,1
DA:29,0
DA:30,0
DA:32,0
DA:34,0
LF:7
LH:3
BRDA:29,0,0,0
BRDA:29,0,1,0
BRF:2
BRH:0
end_of_record
TN:
SF:/Users/jeibogot/Documents/NodeTest/Pr0d1g10u5/ship-lab-mak-update/src/modules/features/shipping/shipping-sender-address/shipping-sender-address.component.ts
FN:14,(anonymous_0)
FN:25,(anonymous_1)
FN:28,(anonymous_2)
FNF:3
FNH:2
FNDA:3,(anonymous_0)
FNDA:3,(anonymous_1)
FNDA:0,(anonymous_2)
DA:9,1
DA:15,3
DA:16,3
DA:29,0
DA:30,0
DA:32,0
DA:34,0
LF:7
LH:3
BRDA:29,0,0,0
BRDA:29,0,1,0
BRF:2
BRH:0
end_of_record
TN:
SF:/Users/jeibogot/Documents/NodeTest/Pr0d1g10u5/ship-lab-mak-update/src/modules/features/shipping/shipping-weight/shipping-weight.component.ts
FN:17,(anonymous_0)
FN:21,(anonymous_1)
FN:24,(anonymous_2)
FNF:3
FNH:2
FNDA:1,(anonymous_0)
FNDA:1,(anonymous_1)
FNDA:0,(anonymous_2)
DA:9,1
DA:11,1
DA:18,1
DA:25,0
DA:26,0
DA:28,0
DA:30,0
LF:7
LH:3
BRDA:25,0,0,0
BRDA:25,0,1,0
BRF:2
BRH:0
end_of_record
TN:
SF:/Users/jeibogot/Documents/NodeTest/Pr0d1g10u5/ship-lab-mak-update/src/modules/shared/shipping-button/shipping-button.component.ts
FN:15,(anonymous_0)
FN:17,(anonymous_1)
FN:20,(anonymous_2)
FNF:3
FNH:2
FNDA:5,(anonymous_0)
FNDA:5,(anonymous_1)
FNDA:0,(anonymous_2)
DA:8,1
DA:11,1
DA:12,5
DA:21,0
LF:4
LH:3
BRF:0
BRH:0
end_of_record
TN:
SF:/Users/jeibogot/Documents/NodeTest/Pr0d1g10u5/ship-lab-mak-update/src/modules/shared/shipping-header/shipping-header.component.ts
FN:12,(anonymous_0)
FN:14,(anonymous_1)
FNF:2
FNH:2
FNDA:3,(anonymous_0)
FNDA:3,(anonymous_1)
DA:8,1
DA:10,1
LF:2
LH:2
BRF:0
BRH:0
end_of_record
TN:
SF:/Users/jeibogot/Documents/NodeTest/Pr0d1g10u5/ship-lab-mak-update/src/modules/shared/shipping-select/shipping-select.component.ts
FN:12,(anonymous_0)
FN:14,(anonymous_1)
FNF:2
FNH:2
FNDA:1,(anonymous_0)
FNDA:1,(anonymous_1)
DA:8,1
LF:1
LH:1
BRF:0
BRH:0
end_of_record
TN:
SF:/Users/jeibogot/Documents/NodeTest/Pr0d1g10u5/ship-lab-mak-update/src/services/authentication.service.ts
FN:9,(anonymous_0)
FN:13,(anonymous_1)
FN:24,(anonymous_2)
FN:28,(anonymous_3)
FN:33,(anonymous_4)
FN:37,(anonymous_5)
FN:47,(anonymous_6)
FNF:7
FNH:1
FNDA:5,(anonymous_0)
FNDA:0,(anonymous_1)
FNDA:0,(anonymous_2)
FNDA:0,(anonymous_3)
FNDA:0,(anonymous_4)
FNDA:0,(anonymous_5)
FNDA:0,(anonymous_6)
DA:7,1
DA:10,5
DA:14,0
DA:21,0
DA:25,0
DA:29,0
DA:30,0
DA:34,0
DA:38,0
DA:39,0
DA:40,0
DA:41,0
DA:43,0
DA:48,0
DA:49,0
DA:50,0
DA:51,0
DA:52,0
LF:18
LH:2
BRDA:39,0,0,0
BRDA:39,0,1,0
BRDA:39,1,0,0
BRDA:39,1,1,0
BRDA:48,2,0,0
BRDA:48,2,1,0
BRF:6
BRH:0
end_of_record
TN:
SF:/Users/jeibogot/Documents/NodeTest/Pr0d1g10u5/ship-lab-mak-update/src/services/login.service.ts
FN:11,(anonymous_0)
FN:15,(anonymous_1)
FN:16,(anonymous_2)
FN:29,(anonymous_3)
FNF:4
FNH:1
FNDA:2,(anonymous_0)
FNDA:0,(anonymous_1)
FNDA:0,(anonymous_2)
FNDA:0,(anonymous_3)
DA:7,1
DA:9,2
DA:12,2
DA:16,0
DA:17,0
DA:18,0
DA:21,0
DA:22,0
DA:23,0
DA:25,0
DA:30,0
DA:32,0
DA:34,0
LF:13
LH:3
BRDA:17,0,0,0
BRDA:17,0,1,0
BRDA:21,1,0,0
BRDA:21,1,1,0
BRDA:30,2,0,0
BRDA:30,2,1,0
BRF:6
BRH:0
end_of_record
TN:
SF:/Users/jeibogot/Documents/NodeTest/Pr0d1g10u5/ship-lab-mak-update/src/services/request.service.ts
FN:12,(anonymous_0)
FN:16,(anonymous_1)
FN:20,(anonymous_2)
FN:24,(anonymous_3)
FN:30,(anonymous_4)
FN:32,(anonymous_5)
FNF:6
FNH:4
FNDA:2,(anonymous_0)
FNDA:1,(anonymous_1)
FNDA:1,(anonymous_2)
FNDA:1,(anonymous_3)
FNDA:0,(anonymous_4)
FNDA:0,(anonymous_5)
DA:8,1
DA:10,2
DA:13,2
DA:17,1
DA:22,1
DA:24,1
DA:26,1
DA:27,1
DA:29,1
DA:31,0
DA:33,0
DA:37,1
LF:12
LH:10
BRF:0
BRH:0
end_of_record
TN:
SF:/Users/jeibogot/Documents/NodeTest/Pr0d1g10u5/ship-lab-mak-update/src/services/wizard.service.ts
FN:14,(anonymous_0)
FN:16,(anonymous_1)
FN:19,(anonymous_2)
FN:23,(anonymous_3)
FN:26,(anonymous_4)
FN:30,(anonymous_5)
FN:33,(anonymous_6)
FN:37,(anonymous_7)
FN:40,(anonymous_8)
FN:44,(anonymous_9)
FN:67,(anonymous_10)
FN:72,(anonymous_11)
FNF:12
FNH:1
FNDA:3,(anonymous_0)
FNDA:0,(anonymous_1)
FNDA:0,(anonymous_2)
FNDA:0,(anonymous_3)
FNDA:0,(anonymous_4)
FNDA:0,(anonymous_5)
FNDA:0,(anonymous_6)
FNDA:0,(anonymous_7)
FNDA:0,(anonymous_8)
FNDA:0,(anonymous_9)
FNDA:0,(anonymous_10)
FNDA:0,(anonymous_11)
DA:7,1
DA:17,0
DA:20,0
DA:24,0
DA:27,0
DA:31,0
DA:34,0
DA:38,0
DA:41,0
DA:45,0
DA:64,0
DA:68,0
DA:69,0
DA:74,0
LF:14
LH:1
BRDA:69,0,0,0
BRDA:69,0,1,0
BRF:2
BRH:0
end_of_record
